{"total": {"lines":{"total":216,"covered":206,"skipped":0,"pct":95.37},"statements":{"total":237,"covered":220,"skipped":0,"pct":92.82},"functions":{"total":68,"covered":65,"skipped":0,"pct":95.58},"branches":{"total":60,"covered":47,"skipped":0,"pct":78.33},"branchesTrue":{"total":0,"covered":0,"skipped":0,"pct":"Unknown"}}
,"/Users/fishy/IdeaProjects/halo/src/ipc.ts": {"lines":{"total":30,"covered":30,"skipped":0,"pct":100},"functions":{"total":33,"covered":33,"skipped":0,"pct":100},"statements":{"total":35,"covered":35,"skipped":0,"pct":100},"branches":{"total":2,"covered":2,"skipped":0,"pct":100}}
,"/Users/fishy/IdeaProjects/halo/src/labels.ts": {"lines":{"total":2,"covered":2,"skipped":0,"pct":100},"functions":{"total":1,"covered":1,"skipped":0,"pct":100},"statements":{"total":2,"covered":2,"skipped":0,"pct":100},"branches":{"total":2,"covered":2,"skipped":0,"pct":100}}
,"/Users/fishy/IdeaProjects/halo/src/markdown.ts": {"lines":{"total":69,"covered":69,"skipped":0,"pct":100},"functions":{"total":5,"covered":5,"skipped":0,"pct":100},"statements":{"total":70,"covered":70,"skipped":0,"pct":100},"branches":{"total":26,"covered":26,"skipped":0,"pct":100}}
,"/Users/fishy/IdeaProjects/halo/src/store.tsx": {"lines":{"total":115,"covered":105,"skipped":0,"pct":91.3},"functions":{"total":29,"covered":26,"skipped":0,"pct":89.65},"statements":{"total":130,"covered":113,"skipped":0,"pct":86.92},"branches":{"total":30,"covered":17,"skipped":0,"pct":56.66}}
}
